12/11/2023 18:39 | MainMenu | 0h 4m 59s
12/11/2023 18:46 | MainMenu | 0h 4m 42s
12/11/2023 18:56 | MainMenu | 0h 4m 2s
12/11/2023 19:10 | _tempScene | 0h 4m 47s
12/11/2023 19:32 | MainMenu | 0h 16m 52s
12/11/2023 19:54 | MainMenu | 0h 17m 26s
12/11/2023 21:26 | Elevator | 0h 0m 29s
12/11/2023 21:30 | Elevator | 0h 0m 23s
12/11/2023 21:32 | Elevator | 0h 0m 55s
12/11/2023 21:34 | Elevator | 0h 0m 55s
12/11/2023 21:37 | Elevator | 0h 0m 53s
12/11/2023 21:42 | Day_General_System | 0h 1m 9s
12/11/2023 21:59 | Day_General_System | 0h 4m 50s
12/11/2023 22:20 | Day_General_System | 0h 17m 53s
12/11/2023 22:38 | Day_General_System | 0h 15m 35s
12/11/2023 23:08 | Day_General_System | 0h 15m 25s
12/12/2023 18:10 | Day_General_System | 0h 16m 26s
12/12/2023 21:02 | Day_General_System | 0h 13m 57s
12/12/2023 22:00 | Day_General_System | 0h 14m 10s
12/13/2023 10:21 | Day_General_System | 0h 12m 39s
12/14/2023 16:18 | Elevator | 0h 0m 56s
12/14/2023 16:40 | Day_General_System | 0h 11m 38s
02/06/2024 23:56 | Third_Floor | 0h 1m 39s
02/07/2024 00:05 | Night_One | 0h 1m 58s
02/07/2024 00:10 | Night_One | 0h 1m 52s
02/07/2024 00:12 | Night_One | 0h 1m 51s
02/07/2024 00:15 | Night_One | 0h 1m 52s
02/07/2024 14:58 | TutorialLevel | 0h 7m 18s
