[LOG] System::create                           : Header version = 2.02.15. Current version = 2.02.15.
[LOG] Manager::init                            : maxchannels = 256 studioflags = 00000006 flags 00000000 extradriverdata 0000000000000000.
[LOG] SystemI::init                            : Initialize version=20215 (134211), maxchannels=256, flags=0x00020000
[LOG] SystemI::setOutputInternal               : Setting output to 'FMOD WASAPI Output'
[LOG] OutputWASAPI::init                       : Mix Format (WAVEFORMATEX): wFormatTag=0xFFFE, nChannels=8, nSamplesPerSec=48000, nAvgBytesPerSec=1536000, nBlockAlign=32, wBitsPerSample=32, cbSize=22.
[LOG] OutputWASAPI::init                       : Mix Format (WAVEFORMATEXTENSIBLE): wValidBitsPerSample=32, dwChannelMask=0x0000063F, SubFormat=00000003-0000-0010-8000-00AA00389B71.
[LOG] OutputWASAPI::init                       : Output buffer size: 4096 samples, latency: 0.00ms, period: 10.00ms, DSP buffer: 1024 * 4
[LOG] DownMix::init                            : dspbuffersize: 1024  rate: 48000. output speaker mode: 7, input speaker mode 3
[LOG] DownMix::init                            : done.
[LOG] Thread::initThread                       : Init FMOD stream thread. Affinity: 0x4000000000000003, Priority: 0xFFFF7FFB, Stack Size: 98304, Semaphore: No, Sleep Time: 10, Looping: Yes.
[LOG] Thread::initThread                       : Init FMOD mixer thread. Affinity: 0x4000000000000001, Priority: 0xFFFF7FFA, Stack Size: 81920, Semaphore: No, Sleep Time: 0, Looping: Yes.
[LOG] AsyncManager::init                       : manager 000002C9FEB162B8 isAsync 0 updatePeriod 0.02
[LOG] AsyncManager::init                       : done
[LOG] PlaybackSystem::init                     : 
[LOG] Thread::initThread                       : Init FMOD Studio sample load thread. Affinity: 0x4000000000000003, Priority: 0xFFFF7FFD, Stack Size: 98304, Semaphore: No, Sleep Time: 1, Looping: No.
[LOG] PlaybackSystem::init                     : done
[LOG] Thread::initThread                       : Init FMOD Studio bank load thread. Affinity: 0x4000000000000003, Priority: 0xFFFF7FFD, Stack Size: 98304, Semaphore: No, Sleep Time: 1, Looping: No.
[LOG] Manager::init                            : done.
[LOG] Manager::readBank                        : fileversion = 142, compatVersion = 140 (oldest = 44, newest = 142)
[LOG] Manager::readBank                        : fileversion = 142, compatVersion = 140 (oldest = 44, newest = 142)
[LOG] Manager::readBank                        : fileversion = 142, compatVersion = 140 (oldest = 44, newest = 142)
[LOG] PlaybackSystem::acquireMasterBus         : Setting master channel group format to 6
[LOG] SystemI::createSoundInternal             : Create name='', mode=0x02000202
[LOG] SystemI::createSoundInternal             : exinfo->cbsize             = 224
[LOG] SystemI::createSoundInternal             : exinfo->length             = 11938112
[LOG] SystemI::createSoundInternal             : exinfo->fileoffset         = 52192
[LOG] SystemI::createSoundInternal             : exinfo->numsubsounds       = 1
[LOG] SystemI::createSoundInternal             : exinfo->inclusionlist      = 000000C63F97F458
[LOG] SystemI::createSoundInternal             : exinfo->inclusionlistnum   = 1
[LOG] SystemI::createSoundInternal             : exinfo->suggestedsoundtype = 5
[LOG] SystemI::createSoundInternal             : exinfo->useropen           = 00007FFE2F333CA0
[LOG] SystemI::createSoundInternal             : exinfo->userclose          = 00007FFE2F333C60
[LOG] SystemI::createSoundInternal             : exinfo->userread           = 00007FFE2F333D80
[LOG] SystemI::createSoundInternal             : exinfo->userseek           = 00007FFE2F333E40
[LOG] SystemI::createSoundInternal             : exinfo->fileuserdata       = 000002C9FFDD27F8
[LOG] SystemI::createSoundInternal             : exinfo->initialseekpostype = 1
[LOG] SystemI::DSPCodecPoolRegister            : register codec pool for pool type 5
[LOG] SystemI::createSoundInternal             : Sample 0/1: name='Footstep_Walking_Wood_07', format=5, channels=2, frequency=48000, lengthbytes=4128, lengthpcm=24000, pcmblocksize=0, loopstart=0, loopend=0, mode=0x00000000, channelmask=0x00000000, channelorder=0, peakvolume=0.059160.
[LOG] SystemI::createSoundInternal             : Create name='', mode=0x02000202
[LOG] SystemI::createSoundInternal             : exinfo->cbsize             = 224
[LOG] SystemI::createSoundInternal             : exinfo->length             = 11938112
[LOG] SystemI::createSoundInternal             : exinfo->fileoffset         = 52192
[LOG] SystemI::createSoundInternal             : exinfo->numsubsounds       = 1
[LOG] SystemI::createSoundInternal             : exinfo->inclusionlist      = 000000C63F97F458
[LOG] SystemI::createSoundInternal             : exinfo->inclusionlistnum   = 1
[LOG] SystemI::createSoundInternal             : exinfo->suggestedsoundtype = 5
[LOG] SystemI::createSoundInternal             : exinfo->useropen           = 00007FFE2F333CA0
[LOG] SystemI::createSoundInternal             : exinfo->userclose          = 00007FFE2F333C60
[LOG] SystemI::createSoundInternal             : exinfo->userread           = 00007FFE2F333D80
[LOG] SystemI::createSoundInternal             : exinfo->userseek           = 00007FFE2F333E40
[LOG] SystemI::createSoundInternal             : exinfo->fileuserdata       = 000002C9FFDD27F8
[LOG] SystemI::createSoundInternal             : exinfo->initialseekpostype = 1
[LOG] SystemI::DSPCodecPoolRegister            : register codec pool for pool type 5
[LOG] SystemI::createSoundInternal             : Sample 0/1: name='footstep3', format=5, channels=2, frequency=48000, lengthbytes=2496, lengthpcm=11250, pcmblocksize=0, loopstart=0, loopend=0, mode=0x00000000, channelmask=0x00000000, channelorder=0, peakvolume=0.348361.
[LOG] SystemI::createSoundInternal             : Create name='', mode=0x02000202
[LOG] SystemI::createSoundInternal             : exinfo->cbsize             = 224
[LOG] SystemI::createSoundInternal             : exinfo->length             = 11938112
[LOG] SystemI::createSoundInternal             : exinfo->fileoffset         = 52192
[LOG] SystemI::createSoundInternal             : exinfo->numsubsounds       = 1
[LOG] SystemI::createSoundInternal             : exinfo->inclusionlist      = 000000C63F97F458
[LOG] SystemI::createSoundInternal             : exinfo->inclusionlistnum   = 1
[LOG] SystemI::createSoundInternal             : exinfo->suggestedsoundtype = 5
[LOG] SystemI::createSoundInternal             : exinfo->useropen           = 00007FFE2F333CA0
[LOG] SystemI::createSoundInternal             : exinfo->userclose          = 00007FFE2F333C60
[LOG] SystemI::createSoundInternal             : exinfo->userread           = 00007FFE2F333D80
[LOG] SystemI::createSoundInternal             : exinfo->userseek           = 00007FFE2F333E40
[LOG] SystemI::createSoundInternal             : exinfo->fileuserdata       = 000002C9FFDD27F8
[LOG] SystemI::createSoundInternal             : exinfo->initialseekpostype = 1
[LOG] SystemI::DSPCodecPoolRegister            : register codec pool for pool type 5
[LOG] SystemI::createSoundInternal             : Sample 0/1: name='footstep4', format=5, channels=2, frequency=48000, lengthbytes=2528, lengthpcm=11250, pcmblocksize=0, loopstart=0, loopend=0, mode=0x00000000, channelmask=0x00000000, channelorder=0, peakvolume=0.349241.
[LOG] SystemI::createSoundInternal             : Create name='', mode=0x02000202
[LOG] SystemI::createSoundInternal             : exinfo->cbsize             = 224
[LOG] SystemI::createSoundInternal             : exinfo->length             = 11938112
[LOG] SystemI::createSoundInternal             : exinfo->fileoffset         = 52192
[LOG] SystemI::createSoundInternal             : exinfo->numsubsounds       = 1
[LOG] SystemI::createSoundInternal             : exinfo->inclusionlist      = 000000C63F97F458
[LOG] SystemI::createSoundInternal             : exinfo->inclusionlistnum   = 1
[LOG] SystemI::createSoundInternal             : exinfo->suggestedsoundtype = 5
[LOG] SystemI::createSoundInternal             : exinfo->useropen           = 00007FFE2F333CA0
[LOG] SystemI::createSoundInternal             : exinfo->userclose          = 00007FFE2F333C60
[LOG] SystemI::createSoundInternal             : exinfo->userread           = 00007FFE2F333D80
[LOG] SystemI::createSoundInternal             : exinfo->userseek           = 00007FFE2F333E40
[LOG] SystemI::createSoundInternal             : exinfo->fileuserdata       = 000002C9FFDD27F8
[LOG] SystemI::createSoundInternal             : exinfo->initialseekpostype = 1
[LOG] SystemI::DSPCodecPoolRegister            : register codec pool for pool type 5
[LOG] SystemI::createSoundInternal             : Sample 0/1: name='Footstep_Walking_Wood_06', format=5, channels=2, frequency=48000, lengthbytes=4224, lengthpcm=24000, pcmblocksize=0, loopstart=0, loopend=0, mode=0x00000000, channelmask=0x00000000, channelorder=0, peakvolume=0.026337.
[LOG] SystemI::createSoundInternal             : Create name='', mode=0x02000202
[LOG] SystemI::createSoundInternal             : exinfo->cbsize             = 224
[LOG] SystemI::createSoundInternal             : exinfo->length             = 11938112
[LOG] SystemI::createSoundInternal             : exinfo->fileoffset         = 52192
[LOG] SystemI::createSoundInternal             : exinfo->numsubsounds       = 1
[LOG] SystemI::createSoundInternal             : exinfo->inclusionlist      = 000000C63F97F458
[LOG] SystemI::createSoundInternal             : exinfo->inclusionlistnum   = 1
[LOG] SystemI::createSoundInternal             : exinfo->suggestedsoundtype = 5
[LOG] SystemI::createSoundInternal             : exinfo->useropen           = 00007FFE2F333CA0
[LOG] SystemI::createSoundInternal             : exinfo->userclose          = 00007FFE2F333C60
[LOG] SystemI::createSoundInternal             : exinfo->userread           = 00007FFE2F333D80
[LOG] SystemI::createSoundInternal             : exinfo->userseek           = 00007FFE2F333E40
[LOG] SystemI::createSoundInternal             : exinfo->fileuserdata       = 000002C9FFDD27F8
[LOG] SystemI::createSoundInternal             : exinfo->initialseekpostype = 1
[LOG] SystemI::DSPCodecPoolRegister            : register codec pool for pool type 5
[LOG] SystemI::createSoundInternal             : Sample 0/1: name='footstep5', format=5, channels=2, frequency=48000, lengthbytes=2592, lengthpcm=11250, pcmblocksize=0, loopstart=0, loopend=0, mode=0x00000000, channelmask=0x00000000, channelorder=0, peakvolume=0.577595.
[LOG] SystemI::createSoundInternal             : Create name='', mode=0x02000202
[LOG] SystemI::createSoundInternal             : exinfo->cbsize             = 224
[LOG] SystemI::createSoundInternal             : exinfo->length             = 11938112
[LOG] SystemI::createSoundInternal             : exinfo->fileoffset         = 52192
[LOG] SystemI::createSoundInternal             : exinfo->numsubsounds       = 1
[LOG] SystemI::createSoundInternal             : exinfo->inclusionlist      = 000000C63F97F458
[LOG] SystemI::createSoundInternal             : exinfo->inclusionlistnum   = 1
[LOG] SystemI::createSoundInternal             : exinfo->suggestedsoundtype = 5
[LOG] SystemI::createSoundInternal             : exinfo->useropen           = 00007FFE2F333CA0
[LOG] SystemI::createSoundInternal             : exinfo->userclose          = 00007FFE2F333C60
[LOG] SystemI::createSoundInternal             : exinfo->userread           = 00007FFE2F333D80
[LOG] SystemI::createSoundInternal             : exinfo->userseek           = 00007FFE2F333E40
[LOG] SystemI::createSoundInternal             : exinfo->fileuserdata       = 000002C9FFDD27F8
[LOG] SystemI::createSoundInternal             : exinfo->initialseekpostype = 1
[LOG] SystemI::DSPCodecPoolRegister            : register codec pool for pool type 5
[LOG] SystemI::createSoundInternal             : Sample 0/1: name='Footstep_Walking_Wood_05', format=5, channels=2, frequency=48000, lengthbytes=3808, lengthpcm=24000, pcmblocksize=0, loopstart=0, loopend=0, mode=0x00000000, channelmask=0x00000000, channelorder=0, peakvolume=0.049541.
[LOG] SystemI::createSoundInternal             : Create name='', mode=0x02000202
[LOG] SystemI::createSoundInternal             : exinfo->cbsize             = 224
[LOG] SystemI::createSoundInternal             : exinfo->length             = 11938112
[LOG] SystemI::createSoundInternal             : exinfo->fileoffset         = 52192
[LOG] SystemI::createSoundInternal             : exinfo->numsubsounds       = 1
[LOG] SystemI::createSoundInternal             : exinfo->inclusionlist      = 000000C63F97F458
[LOG] SystemI::createSoundInternal             : exinfo->inclusionlistnum   = 1
[LOG] SystemI::createSoundInternal             : exinfo->suggestedsoundtype = 5
[LOG] SystemI::createSoundInternal             : exinfo->useropen           = 00007FFE2F333CA0
[LOG] SystemI::createSoundInternal             : exinfo->userclose          = 00007FFE2F333C60
[LOG] SystemI::createSoundInternal             : exinfo->userread           = 00007FFE2F333D80
[LOG] SystemI::createSoundInternal             : exinfo->userseek           = 00007FFE2F333E40
[LOG] SystemI::createSoundInternal             : exinfo->fileuserdata       = 000002C9FFDD27F8
[LOG] SystemI::createSoundInternal             : exinfo->initialseekpostype = 1
[LOG] SystemI::DSPCodecPoolRegister            : register codec pool for pool type 5
[LOG] SystemI::createSoundInternal             : Sample 0/1: name='Footstep_Walking_Wood_08', format=5, channels=2, frequency=48000, lengthbytes=3744, lengthpcm=24000, pcmblocksize=0, loopstart=0, loopend=0, mode=0x00000000, channelmask=0x00000000, channelorder=0, peakvolume=0.037689.
[LOG] SystemI::createSoundInternal             : Create name='', mode=0x02000202
[LOG] SystemI::createSoundInternal             : exinfo->cbsize             = 224
[LOG] SystemI::createSoundInternal             : exinfo->length             = 11938112
[LOG] SystemI::createSoundInternal             : exinfo->fileoffset         = 52192
[LOG] SystemI::createSoundInternal             : exinfo->numsubsounds       = 1
[LOG] SystemI::createSoundInternal             : exinfo->inclusionlist      = 000000C63F97F458
[LOG] SystemI::createSoundInternal             : exinfo->inclusionlistnum   = 1
[LOG] SystemI::createSoundInternal             : exinfo->suggestedsoundtype = 5
[LOG] SystemI::createSoundInternal             : exinfo->useropen           = 00007FFE2F333CA0
[LOG] SystemI::createSoundInternal             : exinfo->userclose          = 00007FFE2F333C60
[LOG] SystemI::createSoundInternal             : exinfo->userread           = 00007FFE2F333D80
[LOG] SystemI::createSoundInternal             : exinfo->userseek           = 00007FFE2F333E40
[LOG] SystemI::createSoundInternal             : exinfo->fileuserdata       = 000002C9FFDD27F8
[LOG] SystemI::createSoundInternal             : exinfo->initialseekpostype = 1
[LOG] SystemI::DSPCodecPoolRegister            : register codec pool for pool type 5
[LOG] SystemI::createSoundInternal             : Sample 0/1: name='footstep2', format=5, channels=2, frequency=48000, lengthbytes=2464, lengthpcm=11250, pcmblocksize=0, loopstart=0, loopend=0, mode=0x00000000, channelmask=0x00000000, channelorder=0, peakvolume=0.210902.
[LOG] SystemI::createSoundInternal             : Create name='', mode=0x02000202
[LOG] SystemI::createSoundInternal             : exinfo->cbsize             = 224
[LOG] SystemI::createSoundInternal             : exinfo->length             = 11938112
[LOG] SystemI::createSoundInternal             : exinfo->fileoffset         = 52192
[LOG] SystemI::createSoundInternal             : exinfo->numsubsounds       = 1
[LOG] SystemI::createSoundInternal             : exinfo->inclusionlist      = 000000C63F97F458
[LOG] SystemI::createSoundInternal             : exinfo->inclusionlistnum   = 1
[LOG] SystemI::createSoundInternal             : exinfo->suggestedsoundtype = 5
[LOG] SystemI::createSoundInternal             : exinfo->useropen           = 00007FFE2F333CA0
[LOG] SystemI::createSoundInternal             : exinfo->userclose          = 00007FFE2F333C60
[LOG] SystemI::createSoundInternal             : exinfo->userread           = 00007FFE2F333D80
[LOG] SystemI::createSoundInternal             : exinfo->userseek           = 00007FFE2F333E40
[LOG] SystemI::createSoundInternal             : exinfo->fileuserdata       = 000002C9FFDD27F8
[LOG] SystemI::createSoundInternal             : exinfo->initialseekpostype = 1
[LOG] SystemI::DSPCodecPoolRegister            : register codec pool for pool type 5
[LOG] SystemI::createSoundInternal             : Sample 0/1: name='Footstep_Walking_Wood_03', format=5, channels=2, frequency=48000, lengthbytes=3360, lengthpcm=24000, pcmblocksize=0, loopstart=0, loopend=0, mode=0x00000000, channelmask=0x00000000, channelorder=0, peakvolume=0.121849.
[LOG] SystemI::createSoundInternal             : Create name='', mode=0x02000202
[LOG] SystemI::createSoundInternal             : exinfo->cbsize             = 224
[LOG] SystemI::createSoundInternal             : exinfo->length             = 11938112
[LOG] SystemI::createSoundInternal             : exinfo->fileoffset         = 52192
[LOG] SystemI::createSoundInternal             : exinfo->numsubsounds       = 1
[LOG] SystemI::createSoundInternal             : exinfo->inclusionlist      = 000000C63F97F458
[LOG] SystemI::createSoundInternal             : exinfo->inclusionlistnum   = 1
[LOG] SystemI::createSoundInternal             : exinfo->suggestedsoundtype = 5
[LOG] SystemI::createSoundInternal             : exinfo->useropen           = 00007FFE2F333CA0
[LOG] SystemI::createSoundInternal             : exinfo->userclose          = 00007FFE2F333C60
[LOG] SystemI::createSoundInternal             : exinfo->userread           = 00007FFE2F333D80
[LOG] SystemI::createSoundInternal             : exinfo->userseek           = 00007FFE2F333E40
[LOG] SystemI::createSoundInternal             : exinfo->fileuserdata       = 000002C9FFDD27F8
[LOG] SystemI::createSoundInternal             : exinfo->initialseekpostype = 1
[LOG] SystemI::DSPCodecPoolRegister            : register codec pool for pool type 5
[LOG] SystemI::createSoundInternal             : Sample 0/1: name='footstep7', format=5, channels=2, frequency=48000, lengthbytes=2656, lengthpcm=11250, pcmblocksize=0, loopstart=0, loopend=0, mode=0x00000000, channelmask=0x00000000, channelorder=0, peakvolume=0.252974.
[LOG] SystemI::createSoundInternal             : Create name='', mode=0x02000202
[LOG] SystemI::createSoundInternal             : exinfo->cbsize             = 224
[LOG] SystemI::createSoundInternal             : exinfo->length             = 11938112
[LOG] SystemI::createSoundInternal             : exinfo->fileoffset         = 52192
[LOG] SystemI::createSoundInternal             : exinfo->numsubsounds       = 1
[LOG] SystemI::createSoundInternal             : exinfo->inclusionlist      = 000000C63F97F458
[LOG] SystemI::createSoundInternal             : exinfo->inclusionlistnum   = 1
[LOG] SystemI::createSoundInternal             : exinfo->suggestedsoundtype = 5
[LOG] SystemI::createSoundInternal             : exinfo->useropen           = 00007FFE2F333CA0
[LOG] SystemI::createSoundInternal             : exinfo->userclose          = 00007FFE2F333C60
[LOG] SystemI::createSoundInternal             : exinfo->userread           = 00007FFE2F333D80
[LOG] SystemI::createSoundInternal             : exinfo->userseek           = 00007FFE2F333E40
[LOG] SystemI::createSoundInternal             : exinfo->fileuserdata       = 000002C9FFDD27F8
[LOG] SystemI::createSoundInternal             : exinfo->initialseekpostype = 1
[LOG] SystemI::DSPCodecPoolRegister            : register codec pool for pool type 5
[LOG] SystemI::createSoundInternal             : Sample 0/1: name='Footstep_Walking_Wood_04', format=5, channels=2, frequency=48000, lengthbytes=3808, lengthpcm=24000, pcmblocksize=0, loopstart=0, loopend=0, mode=0x00000000, channelmask=0x00000000, channelorder=0, peakvolume=0.079891.
[LOG] SystemI::createSoundInternal             : Create name='', mode=0x02000202
[LOG] SystemI::createSoundInternal             : exinfo->cbsize             = 224
[LOG] SystemI::createSoundInternal             : exinfo->length             = 11938112
[LOG] SystemI::createSoundInternal             : exinfo->fileoffset         = 52192
[LOG] SystemI::createSoundInternal             : exinfo->numsubsounds       = 1
[LOG] SystemI::createSoundInternal             : exinfo->inclusionlist      = 000000C63F97F458
[LOG] SystemI::createSoundInternal             : exinfo->inclusionlistnum   = 1
[LOG] SystemI::createSoundInternal             : exinfo->suggestedsoundtype = 5
[LOG] SystemI::createSoundInternal             : exinfo->useropen           = 00007FFE2F333CA0
[LOG] SystemI::createSoundInternal             : exinfo->userclose          = 00007FFE2F333C60
[LOG] SystemI::createSoundInternal             : exinfo->userread           = 00007FFE2F333D80
[LOG] SystemI::createSoundInternal             : exinfo->userseek           = 00007FFE2F333E40
[LOG] SystemI::createSoundInternal             : exinfo->fileuserdata       = 000002C9FFDD27F8
[LOG] SystemI::createSoundInternal             : exinfo->initialseekpostype = 1
[LOG] SystemI::DSPCodecPoolRegister            : register codec pool for pool type 5
[LOG] SystemI::createSoundInternal             : Sample 0/1: name='Footstep_Walking_Wood_01', format=5, channels=2, frequency=48000, lengthbytes=4896, lengthpcm=24000, pcmblocksize=0, loopstart=0, loopend=0, mode=0x00000000, channelmask=0x00000000, channelorder=0, peakvolume=0.068514.
[LOG] SystemI::createSoundInternal             : Create name='', mode=0x02000202
[LOG] SystemI::createSoundInternal             : exinfo->cbsize             = 224
[LOG] SystemI::createSoundInternal             : exinfo->length             = 11938112
[LOG] SystemI::createSoundInternal             : exinfo->fileoffset         = 52192
[LOG] SystemI::createSoundInternal             : exinfo->numsubsounds       = 1
[LOG] SystemI::createSoundInternal             : exinfo->inclusionlist      = 000000C63F97F458
[LOG] SystemI::createSoundInternal             : exinfo->inclusionlistnum   = 1
[LOG] SystemI::createSoundInternal             : exinfo->suggestedsoundtype = 5
[LOG] SystemI::createSoundInternal             : exinfo->useropen           = 00007FFE2F333CA0
[LOG] SystemI::createSoundInternal             : exinfo->userclose          = 00007FFE2F333C60
[LOG] SystemI::createSoundInternal             : exinfo->userread           = 00007FFE2F333D80
[LOG] SystemI::createSoundInternal             : exinfo->userseek           = 00007FFE2F333E40
[LOG] SystemI::createSoundInternal             : exinfo->fileuserdata       = 000002C9FFDD27F8
[LOG] SystemI::createSoundInternal             : exinfo->initialseekpostype = 1
[LOG] SystemI::DSPCodecPoolRegister            : register codec pool for pool type 5
[LOG] SystemI::createSoundInternal             : Sample 0/1: name='Footstep_Walking_Wood_02', format=5, channels=2, frequency=48000, lengthbytes=4128, lengthpcm=24000, pcmblocksize=0, loopstart=0, loopend=0, mode=0x00000000, channelmask=0x00000000, channelorder=0, peakvolume=0.121173.
[LOG] SystemI::createSoundInternal             : Create name='', mode=0x02000202
[LOG] SystemI::createSoundInternal             : exinfo->cbsize             = 224
[LOG] SystemI::createSoundInternal             : exinfo->length             = 11938112
[LOG] SystemI::createSoundInternal             : exinfo->fileoffset         = 52192
[LOG] SystemI::createSoundInternal             : exinfo->numsubsounds       = 1
[LOG] SystemI::createSoundInternal             : exinfo->inclusionlist      = 000000C63F97F458
[LOG] SystemI::createSoundInternal             : exinfo->inclusionlistnum   = 1
[LOG] SystemI::createSoundInternal             : exinfo->suggestedsoundtype = 5
[LOG] SystemI::createSoundInternal             : exinfo->useropen           = 00007FFE2F333CA0
[LOG] SystemI::createSoundInternal             : exinfo->userclose          = 00007FFE2F333C60
[LOG] SystemI::createSoundInternal             : exinfo->userread           = 00007FFE2F333D80
[LOG] SystemI::createSoundInternal             : exinfo->userseek           = 00007FFE2F333E40
[LOG] SystemI::createSoundInternal             : exinfo->fileuserdata       = 000002C9FFDD27F8
[LOG] SystemI::createSoundInternal             : exinfo->initialseekpostype = 1
[LOG] SystemI::DSPCodecPoolRegister            : register codec pool for pool type 5
[LOG] SystemI::createSoundInternal             : Sample 0/1: name='footstep6', format=5, channels=2, frequency=48000, lengthbytes=2560, lengthpcm=11250, pcmblocksize=0, loopstart=0, loopend=0, mode=0x00000000, channelmask=0x00000000, channelorder=0, peakvolume=0.471473.
[LOG] SystemI::createSoundInternal             : Create name='', mode=0x02000202
[LOG] SystemI::createSoundInternal             : exinfo->cbsize             = 224
[LOG] SystemI::createSoundInternal             : exinfo->length             = 11938112
[LOG] SystemI::createSoundInternal             : exinfo->fileoffset         = 52192
[LOG] SystemI::createSoundInternal             : exinfo->numsubsounds       = 1
[LOG] SystemI::createSoundInternal             : exinfo->inclusionlist      = 000000C63F97F458
[LOG] SystemI::createSoundInternal             : exinfo->inclusionlistnum   = 1
[LOG] SystemI::createSoundInternal             : exinfo->suggestedsoundtype = 5
[LOG] SystemI::createSoundInternal             : exinfo->useropen           = 00007FFE2F333CA0
[LOG] SystemI::createSoundInternal             : exinfo->userclose          = 00007FFE2F333C60
[LOG] SystemI::createSoundInternal             : exinfo->userread           = 00007FFE2F333D80
[LOG] SystemI::createSoundInternal             : exinfo->userseek           = 00007FFE2F333E40
[LOG] SystemI::createSoundInternal             : exinfo->fileuserdata       = 000002C9FFDD27F8
[LOG] SystemI::createSoundInternal             : exinfo->initialseekpostype = 1
[LOG] SystemI::DSPCodecPoolRegister            : register codec pool for pool type 5
[LOG] SystemI::createSoundInternal             : Sample 0/1: name='footstep1', format=5, channels=2, frequency=48000, lengthbytes=2688, lengthpcm=11250, pcmblocksize=0, loopstart=0, loopend=0, mode=0x00000000, channelmask=0x00000000, channelorder=0, peakvolume=0.391697.
[LOG] SystemI::createSound                     : filename = CecitaRentalsFMOD/Build/Desktop/Master.bank : mode 02010082
[LOG] SystemI::createSound                     : FMOD_NONBLOCKING specified.  Putting into queue to be opened asynchronously!
[LOG] AsyncThread::add                         : add sound to async queue : soundi = 000002CA0BB1AD18, queue head = 000002C9FEB5DF98, queue count = 0
[LOG] AsyncThread::threadFunc                  : Starting Asynchronous operation on sound 000002CA0BB1AD18
[LOG] SystemI::createSoundInternal             :     Create name='CecitaRentalsFMOD/Build/Desktop/Master.bank', mode=0x02010082
[LOG] SystemI::createSoundInternal             :     exinfo->cbsize             = 224
[LOG] SystemI::createSoundInternal             :     exinfo->length             = 11938112
[LOG] SystemI::createSoundInternal             :     exinfo->fileoffset         = 52192
[LOG] SystemI::createSoundInternal             :     exinfo->numsubsounds       = 1
[LOG] SystemI::createSoundInternal             :     exinfo->inclusionlist      = 000002CA03DA9420
[LOG] SystemI::createSoundInternal             :     exinfo->inclusionlistnum   = 1
[LOG] SystemI::createSoundInternal             :     exinfo->suggestedsoundtype = 5
[LOG] SystemI::createSoundInternal             :     exinfo->initialseekpostype = 1
[LOG] SystemI::createSoundInternal             :     Stream 0/1: name='leopard-print-elevator-by-kevin-macleod-from-filmmusic-io', format=5, channels=2, frequency=48000, lengthbytes=4476832, lengthpcm=15727386, pcmblocksize=0, loopstart=0, loopend=0, mode=0x00000000, channelmask=0x00000000, channelorder=0, peakvolume=0.849121.
[LOG] AsyncThread::threadFunc                  : Finished Asynchronous operation on sound 000002CA0BB1AD18
[LOG] AsyncThread::add                         : add sound to async queue : soundi = 000002CA0BFD42E8, queue head = 000002C9FEB5DF98, queue count = 0
[LOG] AsyncThread::threadFunc                  : Starting Asynchronous operation on sound 000002CA0BFD42E8
[LOG] AsyncThread::threadFunc                  : Finished Asynchronous operation on sound 000002CA0BFD42E8
[LOG] SystemI::createSoundInternal             : Create name='', mode=0x02000202
[LOG] SystemI::createSoundInternal             : exinfo->cbsize             = 224
[LOG] SystemI::createSoundInternal             : exinfo->length             = 11938112
[LOG] SystemI::createSoundInternal             : exinfo->fileoffset         = 52192
[LOG] SystemI::createSoundInternal             : exinfo->numsubsounds       = 1
[LOG] SystemI::createSoundInternal             : exinfo->inclusionlist      = 000000C63F97F458
[LOG] SystemI::createSoundInternal             : exinfo->inclusionlistnum   = 1
[LOG] SystemI::createSoundInternal             : exinfo->suggestedsoundtype = 5
[LOG] SystemI::createSoundInternal             : exinfo->useropen           = 00007FFE2F333CA0
[LOG] SystemI::createSoundInternal             : exinfo->userclose          = 00007FFE2F333C60
[LOG] SystemI::createSoundInternal             : exinfo->userread           = 00007FFE2F333D80
[LOG] SystemI::createSoundInternal             : exinfo->userseek           = 00007FFE2F333E40
[LOG] SystemI::createSoundInternal             : exinfo->fileuserdata       = 000002C9FFDD3878
[LOG] SystemI::createSoundInternal             : exinfo->initialseekpostype = 1
[LOG] SystemI::DSPCodecPoolRegister            : register codec pool for pool type 5
[LOG] SystemI::createSoundInternal             : Sample 0/1: name='door_open2', format=5, channels=2, frequency=48000, lengthbytes=8224, lengthpcm=41377, pcmblocksize=0, loopstart=0, loopend=0, mode=0x00000000, channelmask=0x00000000, channelorder=0, peakvolume=0.232513.
[LOG] SystemI::createSoundInternal             : Create name='', mode=0x02000202
[LOG] SystemI::createSoundInternal             : exinfo->cbsize             = 224
[LOG] SystemI::createSoundInternal             : exinfo->length             = 11938112
[LOG] SystemI::createSoundInternal             : exinfo->fileoffset         = 52192
[LOG] SystemI::createSoundInternal             : exinfo->numsubsounds       = 1
[LOG] SystemI::createSoundInternal             : exinfo->inclusionlist      = 000000C63F97F458
[LOG] SystemI::createSoundInternal             : exinfo->inclusionlistnum   = 1
[LOG] SystemI::createSoundInternal             : exinfo->suggestedsoundtype = 5
[LOG] SystemI::createSoundInternal             : exinfo->useropen           = 00007FFE2F333CA0
[LOG] SystemI::createSoundInternal             : exinfo->userclose          = 00007FFE2F333C60
[LOG] SystemI::createSoundInternal             : exinfo->userread           = 00007FFE2F333D80
[LOG] SystemI::createSoundInternal             : exinfo->userseek           = 00007FFE2F333E40
[LOG] SystemI::createSoundInternal             : exinfo->fileuserdata       = 000002C9FFDD3878
[LOG] SystemI::createSoundInternal             : exinfo->initialseekpostype = 1
[LOG] SystemI::DSPCodecPoolRegister            : register codec pool for pool type 5
[LOG] SystemI::createSoundInternal             : Sample 0/1: name='door_open', format=5, channels=2, frequency=48000, lengthbytes=11552, lengthpcm=53916, pcmblocksize=0, loopstart=0, loopend=0, mode=0x00000000, channelmask=0x00000000, channelorder=0, peakvolume=0.422729.
[LOG] SystemI::createSoundInternal             : Create name='', mode=0x02000202
[LOG] SystemI::createSoundInternal             : exinfo->cbsize             = 224
[LOG] SystemI::createSoundInternal             : exinfo->length             = 11938112
[LOG] SystemI::createSoundInternal             : exinfo->fileoffset         = 52192
[LOG] SystemI::createSoundInternal             : exinfo->numsubsounds       = 1
[LOG] SystemI::createSoundInternal             : exinfo->inclusionlist      = 000000C63F97F458
[LOG] SystemI::createSoundInternal             : exinfo->inclusionlistnum   = 1
[LOG] SystemI::createSoundInternal             : exinfo->suggestedsoundtype = 5
[LOG] SystemI::createSoundInternal             : exinfo->useropen           = 00007FFE2F333CA0
[LOG] SystemI::createSoundInternal             : exinfo->userclose          = 00007FFE2F333C60
[LOG] SystemI::createSoundInternal             : exinfo->userread           = 00007FFE2F333D80
[LOG] SystemI::createSoundInternal             : exinfo->userseek           = 00007FFE2F333E40
[LOG] SystemI::createSoundInternal             : exinfo->fileuserdata       = 000002C9FFDD3878
[LOG] SystemI::createSoundInternal             : exinfo->initialseekpostype = 1
[LOG] SystemI::DSPCodecPoolRegister            : register codec pool for pool type 5
[LOG] SystemI::createSoundInternal             : Sample 0/1: name='door_open4', format=5, channels=2, frequency=48000, lengthbytes=9856, lengthpcm=48901, pcmblocksize=0, loopstart=0, loopend=0, mode=0x00000000, channelmask=0x00000000, channelorder=0, peakvolume=0.350861.
[LOG] SystemI::createSoundInternal             : Create name='', mode=0x02000202
[LOG] SystemI::createSoundInternal             : exinfo->cbsize             = 224
[LOG] SystemI::createSoundInternal             : exinfo->length             = 11938112
[LOG] SystemI::createSoundInternal             : exinfo->fileoffset         = 52192
[LOG] SystemI::createSoundInternal             : exinfo->numsubsounds       = 1
[LOG] SystemI::createSoundInternal             : exinfo->inclusionlist      = 000000C63F97F458
[LOG] SystemI::createSoundInternal             : exinfo->inclusionlistnum   = 1
[LOG] SystemI::createSoundInternal             : exinfo->suggestedsoundtype = 5
[LOG] SystemI::createSoundInternal             : exinfo->useropen           = 00007FFE2F333CA0
[LOG] SystemI::createSoundInternal             : exinfo->userclose          = 00007FFE2F333C60
[LOG] SystemI::createSoundInternal             : exinfo->userread           = 00007FFE2F333D80
[LOG] SystemI::createSoundInternal             : exinfo->userseek           = 00007FFE2F333E40
[LOG] SystemI::createSoundInternal             : exinfo->fileuserdata       = 000002C9FFDD3878
[LOG] SystemI::createSoundInternal             : exinfo->initialseekpostype = 1
[LOG] SystemI::DSPCodecPoolRegister            : register codec pool for pool type 5
[LOG] SystemI::createSoundInternal             : Sample 0/1: name='door_open1', format=5, channels=2, frequency=48000, lengthbytes=9120, lengthpcm=48901, pcmblocksize=0, loopstart=0, loopend=0, mode=0x00000000, channelmask=0x00000000, channelorder=0, peakvolume=0.261230.
[LOG] SystemI::createSoundInternal             : Create name='', mode=0x02000202
[LOG] SystemI::createSoundInternal             : exinfo->cbsize             = 224
[LOG] SystemI::createSoundInternal             : exinfo->length             = 11938112
[LOG] SystemI::createSoundInternal             : exinfo->fileoffset         = 52192
[LOG] SystemI::createSoundInternal             : exinfo->numsubsounds       = 1
[LOG] SystemI::createSoundInternal             : exinfo->inclusionlist      = 000000C63F97F458
[LOG] SystemI::createSoundInternal             : exinfo->inclusionlistnum   = 1
[LOG] SystemI::createSoundInternal             : exinfo->suggestedsoundtype = 5
[LOG] SystemI::createSoundInternal             : exinfo->useropen           = 00007FFE2F333CA0
[LOG] SystemI::createSoundInternal             : exinfo->userclose          = 00007FFE2F333C60
[LOG] SystemI::createSoundInternal             : exinfo->userread           = 00007FFE2F333D80
[LOG] SystemI::createSoundInternal             : exinfo->userseek           = 00007FFE2F333E40
[LOG] SystemI::createSoundInternal             : exinfo->fileuserdata       = 000002C9FFDD3878
[LOG] SystemI::createSoundInternal             : exinfo->initialseekpostype = 1
[LOG] SystemI::DSPCodecPoolRegister            : register codec pool for pool type 5
[LOG] SystemI::createSoundInternal             : Sample 0/1: name='door_open5', format=5, channels=2, frequency=48000, lengthbytes=7712, lengthpcm=36362, pcmblocksize=0, loopstart=0, loopend=0, mode=0x00000000, channelmask=0x00000000, channelorder=0, peakvolume=0.175568.
[LOG] SoundI::release                          : leopard-print-elevator-by-kevin-macleod-from-filmmusic-io (000002CA085A6B48)
[LOG] SoundI::release                          :     leopard-print-elevator-by-kevin-macleod-from-filmmusic-io (000002C697380708)
[LOG] SoundI::release                          :     leopard-print-elevator-by-kevin-macleod-from-filmmusic-io (000002C91213FD28)
[LOG] SoundI::release                          : Ambience Air Conditioner 180 01 (000002CA085A73B8)
[LOG] SoundI::release                          :     Ambience Air Conditioner 180 01 (000002C9107451C8)
[LOG] SoundI::release                          :     Ambience Air Conditioner 180 01 (000002C912141168)
[LOG] SoundI::release                          : leopard-print-elevator-by-kevin-macleod-from-filmmusic-io (000002CA0BB1AD18)
[LOG] SoundI::release                          :     leopard-print-elevator-by-kevin-macleod-from-filmmusic-io (000002C69F8358C8)
[LOG] SoundI::release                          :     leopard-print-elevator-by-kevin-macleod-from-filmmusic-io (000002CA0BFD42E8)
[LOG] SoundI::release                          :  (000002C78D1CE3F8)
[LOG] SoundI::release                          :     Land (000002C78C9094F8)
[LOG] SoundI::release                          :  (000002CA0B3DA858)
[LOG] SoundI::release                          :     Footstep_Walking_Wood_01 (000002C80B8C2658)
[LOG] SoundI::release                          :  (000002CA0B3DAF88)
[LOG] SoundI::release                          :     Footstep_Walking_Wood_02 (000002C80B8C2998)
[LOG] SoundI::release                          :  (000002C7D8CF5D28)
[LOG] SoundI::release                          :     Footstep_Walking_Wood_03 (000002CA0043D8F8)
[LOG] SoundI::release                          :  (000002CA0B3DBF58)
[LOG] SoundI::release                          :     Footstep_Walking_Wood_04 (000002CA0043D5B8)
[LOG] SoundI::release                          :  (000002C7D8CF4A78)
[LOG] SoundI::release                          :     Footstep_Walking_Wood_05 (000002C80BB87668)
[LOG] SoundI::release                          :  (000002C7D8CF4908)
[LOG] SoundI::release                          :     Footstep_Walking_Wood_06 (000002C80BB87328)
[LOG] SoundI::release                          :  (000002C7D8CF5768)
[LOG] SoundI::release                          :     Footstep_Walking_Wood_07 (000002CA0438B568)
[LOG] SoundI::release                          :  (000002C7D8CF4BE8)
[LOG] SoundI::release                          :     Footstep_Walking_Wood_08 (000002CA0043D758)
[LOG] SoundI::release                          :  (000002CA0B3DB0F8)
[LOG] SoundI::release                          :     footstep1 (000002C80B8C27F8)
[LOG] SoundI::release                          :  (000002C7D8CF4EC8)
[LOG] SoundI::release                          :     footstep2 (000002CA0043CF38)
[LOG] SoundI::release                          :  (000002C7D8CF4798)
[LOG] SoundI::release                          :     footstep3 (000002CA0438B088)
[LOG] SoundI::release                          :  (000002C7D8CF51A8)
[LOG] SoundI::release                          :     footstep4 (000002C80BB879A8)
[LOG] SoundI::release                          :  (000002C7D8CF5BB8)
[LOG] SoundI::release                          :     footstep5 (000002C80BB87188)
[LOG] SoundI::release                          :  (000002CA0B3DB3D8)
[LOG] SoundI::release                          :     footstep6 (000002C80B8C3018)
[LOG] SoundI::release                          :  (000002CA0B3DA9C8)
[LOG] SoundI::release                          :     footstep7 (000002CA0043D278)
[LOG] SoundI::release                          :  (000002CA0B3DB548)
[LOG] SoundI::release                          :     door_open (000002CA05590AC8)
[LOG] SoundI::release                          :  (000002CA0B3DB998)
[LOG] SoundI::release                          :     door_open1 (000002CA05590448)
[LOG] SoundI::release                          :  (000002CA0B3DBB08)
[LOG] SoundI::release                          :     door_open2 (000002CA0558FDC8)
[LOG] SoundI::release                          :  (000002CA0B3DB828)
[LOG] SoundI::release                          :     door_open4 (000002CA05590928)
[LOG] SoundI::release                          :  (000002C80B6A8D08)
[LOG] SoundI::release                          :     door_open5 (000002CA05590788)
[LOG] Thread::callback                         : FMOD Studio update thread finished.
[LOG] Thread::callback                         : FMOD Studio bank load thread finished.
[LOG] Profile::disconnectAll                   : Profiler disconnecting all clients
[LOG] Thread::callback                         : FMOD Studio sample load thread finished.
[LOG] LiveUpdate::release                      : 
[LOG] LiveUpdate::reset                        : Reset connection (reason Disconnected)
[LOG] Thread::callback                         : FMOD stream thread finished.
[LOG] Thread::callback                         : FMOD mixer thread finished.
[LOG] Profile::disconnectAll                   : Profiler disconnecting all clients
[LOG] SystemI::close                           : Closed.
[LOG] Manager::readBank                        : fileversion = 142, compatVersion = 140 (oldest = 44, newest = 142)
[LOG] Manager::readBank                        : fileversion = 142, compatVersion = 140 (oldest = 44, newest = 142)
[LOG] Manager::readBank                        : fileversion = 142, compatVersion = 140 (oldest = 44, newest = 142)
[LOG] PlaybackSystem::acquireMasterBus         : Setting master channel group format to 6
[LOG] Manager::readBank                        : fileversion = 142, compatVersion = 140 (oldest = 44, newest = 142)
[LOG] Manager::readBank                        : fileversion = 142, compatVersion = 140 (oldest = 44, newest = 142)
[LOG] Manager::readBank                        : fileversion = 142, compatVersion = 140 (oldest = 44, newest = 142)
[LOG] PlaybackSystem::acquireMasterBus         : Setting master channel group format to 6
[LOG] Thread::callback                         : FMOD Studio bank load thread finished.
[LOG] Thread::callback                         : FMOD Studio sample load thread finished.
[LOG] LiveUpdate::release                      : 
[LOG] LiveUpdate::reset                        : Reset connection (reason Disconnected)
[LOG] Thread::callback                         : FMOD stream thread finished.
[LOG] Thread::callback                         : FMOD mixer thread finished.
[LOG] SystemI::close                           : Closed.
[LOG] Thread::callback                         : FMOD nonblocking thread (0) finished.
[LOG] Thread::callback                         : FMOD file thread finished.
